<?xml version="1.0" encoding="UTF-8"?>
<!-- Generated by org.testng.reporters.JUnitXMLReporter -->
<testsuite ignored="16" hostname="TYSS-Shobha" failures="1" tests="5" name="Test" time="125.551" errors="0" timestamp="2024-12-20T08:47:32 IST">
  <testcase classname="Generic_Utility.BaseClass" name="@AfterMethod Am" time="0.008">
    <failure type="org.openqa.selenium.UnhandledAlertException" message="unexpected alert open: {Alert text : undefined}
  (Session info: chrome=131.0.6778.140): undefined
Build info: version: &amp;apos;4.26.0&amp;apos;, revision: &amp;apos;8ccf0219d7&amp;apos;
System info: os.name: &amp;apos;Windows 10&amp;apos;, os.arch: &amp;apos;amd64&amp;apos;, os.version: &amp;apos;10.0&amp;apos;, java.version: &amp;apos;16.0.1&amp;apos;
Driver info: org.openqa.selenium.chrome.ChromeDriver
Command: [e53bd794ce69cc61efd0c549c60d1b15, findElement {using=css selector, value=[src=&amp;quot;themes/softed/images/user.PNG&amp;quot;]}]
Capabilities {acceptInsecureCerts: false, browserName: chrome, browserVersion: 131.0.6778.140, chrome: {chromedriverVersion: 131.0.6778.204 (52183f9e99a..., userDataDir: C:\Users\Shobha\AppData\Loc...}, fedcm:accounts: true, goog:chromeOptions: {debuggerAddress: localhost:64399}, networkConnectionEnabled: false, pageLoadStrategy: normal, platformName: windows, proxy: Proxy(), se:cdp: ws://localhost:64399/devtoo..., se:cdpVersion: 131.0.6778.140, setWindowRect: true, strictFileInteractability: false, timeouts: {implicit: 0, pageLoad: 300000, script: 30000}, unhandledPromptBehavior: dismiss and notify, webauthn:extension:credBlob: true, webauthn:extension:largeBlob: true, webauthn:extension:minPinLength: true, webauthn:extension:prf: true, webauthn:virtualAuthenticators: true}
Session ID: e53bd794ce69cc61efd0c549c60d1b15">
      <![CDATA[org.openqa.selenium.UnhandledAlertException: unexpected alert open: {Alert text : undefined}
  (Session info: chrome=131.0.6778.140): undefined
Build info: version: '4.26.0', revision: '8ccf0219d7'
System info: os.name: 'Windows 10', os.arch: 'amd64', os.version: '10.0', java.version: '16.0.1'
Driver info: org.openqa.selenium.chrome.ChromeDriver
Command: [e53bd794ce69cc61efd0c549c60d1b15, findElement {using=css selector, value=[src="themes/softed/images/user.PNG"]}]
Capabilities {acceptInsecureCerts: false, browserName: chrome, browserVersion: 131.0.6778.140, chrome: {chromedriverVersion: 131.0.6778.204 (52183f9e99a..., userDataDir: C:\Users\Shobha\AppData\Loc...}, fedcm:accounts: true, goog:chromeOptions: {debuggerAddress: localhost:64399}, networkConnectionEnabled: false, pageLoadStrategy: normal, platformName: windows, proxy: Proxy(), se:cdp: ws://localhost:64399/devtoo..., se:cdpVersion: 131.0.6778.140, setWindowRect: true, strictFileInteractability: false, timeouts: {implicit: 0, pageLoad: 300000, script: 30000}, unhandledPromptBehavior: dismiss and notify, webauthn:extension:credBlob: true, webauthn:extension:largeBlob: true, webauthn:extension:minPinLength: true, webauthn:extension:prf: true, webauthn:virtualAuthenticators: true}
Session ID: e53bd794ce69cc61efd0c549c60d1b15
at org.openqa.selenium.remote.codec.w3c.W3CHttpResponseCodec.decode(W3CHttpResponseCodec.java:136)
at org.openqa.selenium.remote.codec.w3c.W3CHttpResponseCodec.decode(W3CHttpResponseCodec.java:50)
at org.openqa.selenium.remote.HttpCommandExecutor.execute(HttpCommandExecutor.java:190)
at org.openqa.selenium.remote.service.DriverCommandExecutor.invokeExecute(DriverCommandExecutor.java:216)
at org.openqa.selenium.remote.service.DriverCommandExecutor.execute(DriverCommandExecutor.java:174)
at org.openqa.selenium.remote.RemoteWebDriver.execute(RemoteWebDriver.java:545)
at org.openqa.selenium.remote.ElementLocation$ElementFinder$2.findElement(ElementLocation.java:165)
at org.openqa.selenium.remote.ElementLocation.findElement(ElementLocation.java:59)
at org.openqa.selenium.remote.RemoteWebDriver.findElement(RemoteWebDriver.java:368)
at org.openqa.selenium.remote.RemoteWebDriver.findElement(RemoteWebDriver.java:362)
at org.openqa.selenium.support.pagefactory.DefaultElementLocator.findElement(DefaultElementLocator.java:68)
at org.openqa.selenium.support.pagefactory.internal.LocatingElementHandler.invoke(LocatingElementHandler.java:38)
at jdk.proxy2/jdk.proxy2.$Proxy18.click(Unknown Source)
at POM_Repo.HomePage.logOutApp(HomePage.java:55)
at Generic_Utility.BaseClass.Am(BaseClass.java:72)
at java.base/java.util.ArrayList.forEach(ArrayList.java:1511)
... Removed 32 stack frames]]>
    </failure>
  </testcase> <!-- @AfterMethod Am -->
  <testcase classname="Generic_Utility.BaseClass" name="@AfterClass Ac" time="0.0">
    <skipped/>
  </testcase> <!-- @AfterClass Ac -->
  <testcase classname="campaigns.CreateCampWithProductTest" name="createCampWithProductTest" time="20.306"/>
  <testcase classname="campaigns.CreateCampaignsTest" name="createCampaignsTest" time="12.492"/>
  <testcase classname="organization.CreateOrganizationTest" name="createOrganizationTest" time="13.848"/>
  <testcase classname="product.CreateProductTest" name="createProductTest" time="15.412">
    <failure type="org.openqa.selenium.NoSuchElementException" message="no such element: Unable to locate element: {&amp;quot;method&amp;quot;:&amp;quot;css selector&amp;quot;,&amp;quot;selector&amp;quot;:&amp;quot;*[name=&amp;apos;user_name&amp;apos;]&amp;quot;}
  (Session info: chrome=131.0.6778.140)
For documentation on this error, please visit: https://www.selenium.dev/documentation/webdriver/troubleshooting/errors#no-such-element-exception
Build info: version: &amp;apos;4.26.0&amp;apos;, revision: &amp;apos;8ccf0219d7&amp;apos;
System info: os.name: &amp;apos;Windows 10&amp;apos;, os.arch: &amp;apos;amd64&amp;apos;, os.version: &amp;apos;10.0&amp;apos;, java.version: &amp;apos;16.0.1&amp;apos;
Driver info: org.openqa.selenium.chrome.ChromeDriver
Command: [a1bf0284decab1f6ab314381131dee79, findElement {using=name, value=user_name}]
Capabilities {acceptInsecureCerts: false, browserName: chrome, browserVersion: 131.0.6778.140, chrome: {chromedriverVersion: 131.0.6778.204 (52183f9e99a..., userDataDir: C:\Users\Shobha\AppData\Loc...}, fedcm:accounts: true, goog:chromeOptions: {debuggerAddress: localhost:64366}, networkConnectionEnabled: false, pageLoadStrategy: normal, platformName: windows, proxy: Proxy(), se:cdp: ws://localhost:64366/devtoo..., se:cdpVersion: 131.0.6778.140, setWindowRect: true, strictFileInteractability: false, timeouts: {implicit: 0, pageLoad: 300000, script: 30000}, unhandledPromptBehavior: dismiss and notify, webauthn:extension:credBlob: true, webauthn:extension:largeBlob: true, webauthn:extension:minPinLength: true, webauthn:extension:prf: true, webauthn:virtualAuthenticators: true}
Session ID: a1bf0284decab1f6ab314381131dee79">
      <![CDATA[org.openqa.selenium.NoSuchElementException: no such element: Unable to locate element: {"method":"css selector","selector":"*[name='user_name']"}
  (Session info: chrome=131.0.6778.140)
For documentation on this error, please visit: https://www.selenium.dev/documentation/webdriver/troubleshooting/errors#no-such-element-exception
Build info: version: '4.26.0', revision: '8ccf0219d7'
System info: os.name: 'Windows 10', os.arch: 'amd64', os.version: '10.0', java.version: '16.0.1'
Driver info: org.openqa.selenium.chrome.ChromeDriver
Command: [a1bf0284decab1f6ab314381131dee79, findElement {using=name, value=user_name}]
Capabilities {acceptInsecureCerts: false, browserName: chrome, browserVersion: 131.0.6778.140, chrome: {chromedriverVersion: 131.0.6778.204 (52183f9e99a..., userDataDir: C:\Users\Shobha\AppData\Loc...}, fedcm:accounts: true, goog:chromeOptions: {debuggerAddress: localhost:64366}, networkConnectionEnabled: false, pageLoadStrategy: normal, platformName: windows, proxy: Proxy(), se:cdp: ws://localhost:64366/devtoo..., se:cdpVersion: 131.0.6778.140, setWindowRect: true, strictFileInteractability: false, timeouts: {implicit: 0, pageLoad: 300000, script: 30000}, unhandledPromptBehavior: dismiss and notify, webauthn:extension:credBlob: true, webauthn:extension:largeBlob: true, webauthn:extension:minPinLength: true, webauthn:extension:prf: true, webauthn:virtualAuthenticators: true}
Session ID: a1bf0284decab1f6ab314381131dee79
at org.openqa.selenium.remote.ErrorCodec.decode(ErrorCodec.java:167)
at org.openqa.selenium.remote.codec.w3c.W3CHttpResponseCodec.decode(W3CHttpResponseCodec.java:138)
at org.openqa.selenium.remote.codec.w3c.W3CHttpResponseCodec.decode(W3CHttpResponseCodec.java:50)
at org.openqa.selenium.remote.HttpCommandExecutor.execute(HttpCommandExecutor.java:190)
at org.openqa.selenium.remote.service.DriverCommandExecutor.invokeExecute(DriverCommandExecutor.java:216)
at org.openqa.selenium.remote.service.DriverCommandExecutor.execute(DriverCommandExecutor.java:174)
at org.openqa.selenium.remote.RemoteWebDriver.execute(RemoteWebDriver.java:545)
at org.openqa.selenium.remote.ElementLocation$ElementFinder$2.findElement(ElementLocation.java:165)
at org.openqa.selenium.remote.ElementLocation.findElement(ElementLocation.java:59)
at org.openqa.selenium.remote.RemoteWebDriver.findElement(RemoteWebDriver.java:368)
at org.openqa.selenium.remote.RemoteWebDriver.findElement(RemoteWebDriver.java:362)
at org.openqa.selenium.support.pagefactory.DefaultElementLocator.findElement(DefaultElementLocator.java:68)
at org.openqa.selenium.support.pagefactory.internal.LocatingElementHandler.invoke(LocatingElementHandler.java:38)
at jdk.proxy2/jdk.proxy2.$Proxy18.sendKeys(Unknown Source)
at POM_Repo.LoginPage.loginIntoApp(LoginPage.java:46)
at product.CreateProductTest.createProductTest(CreateProductTest.java:61)
at java.base/java.util.ArrayList.forEach(ArrayList.java:1511)
... Removed 32 stack frames]]>
    </failure>
  </testcase> <!-- createProductTest -->
  <testcase classname="product.CreateProductAndDeleteProductTest" name="createProductAndDeleteProductTest" time="23.156"/>
  <testcase classname="Generic_Utility.BaseClass" name="@BeforeTest Bt" time="0.0">
    <ignored/>
  </testcase> <!-- @BeforeTest Bt -->
  <testcase classname="Generic_Utility.BaseClass" name="@AfterSuite As" time="0.0">
    <ignored/>
  </testcase> <!-- @AfterSuite As -->
  <testcase classname="Generic_Utility.BaseClass" name="@BeforeSuite Bs" time="0.0">
    <ignored/>
  </testcase> <!-- @BeforeSuite Bs -->
  <testcase classname="Generic_Utility.BaseClass" name="@AfterTest At" time="0.0">
    <ignored/>
  </testcase> <!-- @AfterTest At -->
  <testcase classname="Generic_Utility.BaseClass" name="@BeforeSuite Bs" time="0.0">
    <ignored/>
  </testcase> <!-- @BeforeSuite Bs -->
  <testcase classname="Generic_Utility.BaseClass" name="@AfterTest At" time="0.0">
    <ignored/>
  </testcase> <!-- @AfterTest At -->
  <testcase classname="Generic_Utility.BaseClass" name="@BeforeTest Bt" time="0.0">
    <ignored/>
  </testcase> <!-- @BeforeTest Bt -->
  <testcase classname="Generic_Utility.BaseClass" name="@AfterSuite As" time="0.0">
    <ignored/>
  </testcase> <!-- @AfterSuite As -->
  <testcase classname="Generic_Utility.BaseClass" name="@BeforeTest Bt" time="0.0">
    <ignored/>
  </testcase> <!-- @BeforeTest Bt -->
  <testcase classname="Generic_Utility.BaseClass" name="@AfterSuite As" time="0.0">
    <ignored/>
  </testcase> <!-- @AfterSuite As -->
  <testcase classname="Generic_Utility.BaseClass" name="@BeforeSuite Bs" time="0.0">
    <ignored/>
  </testcase> <!-- @BeforeSuite Bs -->
  <testcase classname="Generic_Utility.BaseClass" name="@AfterTest At" time="0.0">
    <ignored/>
  </testcase> <!-- @AfterTest At -->
  <testcase classname="Generic_Utility.BaseClass" name="@BeforeSuite Bs" time="0.0">
    <ignored/>
  </testcase> <!-- @BeforeSuite Bs -->
  <testcase classname="Generic_Utility.BaseClass" name="@BeforeTest Bt" time="0.0">
    <ignored/>
  </testcase> <!-- @BeforeTest Bt -->
  <testcase classname="Generic_Utility.BaseClass" name="@AfterSuite As" time="0.0">
    <ignored/>
  </testcase> <!-- @AfterSuite As -->
  <testcase classname="Generic_Utility.BaseClass" name="@AfterTest At" time="0.0">
    <ignored/>
  </testcase> <!-- @AfterTest At -->
</testsuite> <!-- Test -->
